# JRE version: OpenJDK Runtime Environment (8.0_282-b08) (build 1.8.0_282-b08)
# Java VM: OpenJDK 64-Bit Server VM (25.282-b08 mixed mode windows-amd64 compressed oops)
Heap:
 PSYoungGen      total 35840K, used 25426K [0x00000000d8500000, 0x00000000dad00000, 0x0000000100000000)
  eden space 30720K, 69% used [0x00000000d8500000,0x00000000d99de118,0x00000000da300000)
  from space 5120K, 79% used [0x00000000da800000,0x00000000dabf6758,0x00000000dad00000)
  to   space 5120K, 0% used [0x00000000da300000,0x00000000da300000,0x00000000da800000)
 ParOldGen       total 81920K, used 55K [0x0000000088e00000, 0x000000008de00000, 0x00000000d8500000)
  object space 81920K, 0% used [0x0000000088e00000,0x0000000088e0dc40,0x000000008de00000)
 Metaspace       used 14729K, capacity 15022K, committed 15232K, reserved 1062912K
  class space    used 1959K, capacity 2058K, committed 2176K, reserved 1048576K
GC Heap History (8 events):
Event: 1.425 GC heap before
{Heap before GC invocations=1 (full 0):
 PSYoungGen      total 35840K, used 30720K [0x00000000d8500000, 0x00000000dad00000, 0x0000000100000000)
  eden space 30720K, 100% used [0x00000000d8500000,0x00000000da300000,0x00000000da300000)
  from space 5120K, 0% used [0x00000000da800000,0x00000000da800000,0x00000000dad00000)
  to   space 5120K, 0% used [0x00000000da300000,0x00000000da300000,0x00000000da800000)
 ParOldGen       total 81920K, used 0K [0x0000000088e00000, 0x000000008de00000, 0x00000000d8500000)
  object space 81920K, 0% used [0x0000000088e00000,0x0000000088e00000,0x000000008de00000)
 Metaspace       used 8157K, capacity 8392K, committed 8576K, reserved 1056768K
  class space    used 951K, capacity 1070K, committed 1152K, reserved 1048576K
Event: 1.435 GC heap after
Heap after GC invocations=1 (full 0):
 PSYoungGen      total 35840K, used 3161K [0x00000000d8500000, 0x00000000dad00000, 0x0000000100000000)
  eden space 30720K, 0% used [0x00000000d8500000,0x00000000d8500000,0x00000000da300000)
  from space 5120K, 61% used [0x00000000da300000,0x00000000da616668,0x00000000da800000)
  to   space 5120K, 0% used [0x00000000da800000,0x00000000da800000,0x00000000dad00000)
 ParOldGen       total 81920K, used 31K [0x0000000088e00000, 0x000000008de00000, 0x00000000d8500000)
  object space 81920K, 0% used [0x0000000088e00000,0x0000000088e07c40,0x000000008de00000)
 Metaspace       used 8157K, capacity 8392K, committed 8576K, reserved 1056768K
  class space    used 951K, capacity 1070K, committed 1152K, reserved 1048576K
}
Event: 2.873 GC heap before
{Heap before GC invocations=2 (full 0):
 PSYoungGen      total 35840K, used 33881K [0x00000000d8500000, 0x00000000dad00000, 0x0000000100000000)
  eden space 30720K, 100% used [0x00000000d8500000,0x00000000da300000,0x00000000da300000)
  from space 5120K, 61% used [0x00000000da300000,0x00000000da616668,0x00000000da800000)
  to   space 5120K, 0% used [0x00000000da800000,0x00000000da800000,0x00000000dad00000)
 ParOldGen       total 81920K, used 31K [0x0000000088e00000, 0x000000008de00000, 0x00000000d8500000)
  object space 81920K, 0% used [0x0000000088e00000,0x0000000088e07c40,0x000000008de00000)
 Metaspace       used 10638K, capacity 10872K, committed 11136K, reserved 1058816K
  class space    used 1270K, capacity 1361K, committed 1408K, reserved 1048576K
Event: 2.884 GC heap after
Heap after GC invocations=2 (full 0):
 PSYoungGen      total 35840K, used 3334K [0x00000000d8500000, 0x00000000dad00000, 0x0000000100000000)
  eden space 30720K, 0% used [0x00000000d8500000,0x00000000d8500000,0x00000000da300000)
  from space 5120K, 65% used [0x00000000da800000,0x00000000dab41920,0x00000000dad00000)
  to   space 5120K, 0% used [0x00000000da300000,0x00000000da300000,0x00000000da800000)
 ParOldGen       total 81920K, used 39K [0x0000000088e00000, 0x000000008de00000, 0x00000000d8500000)
  object space 81920K, 0% used [0x0000000088e00000,0x0000000088e09c40,0x000000008de00000)
 Metaspace       used 10638K, capacity 10872K, committed 11136K, reserved 1058816K
  class space    used 1270K, capacity 1361K, committed 1408K, reserved 1048576K
}
Event: 3.382 GC heap before
{Heap before GC invocations=3 (full 0):
 PSYoungGen      total 35840K, used 34054K [0x00000000d8500000, 0x00000000dad00000, 0x0000000100000000)
  eden space 30720K, 100% used [0x00000000d8500000,0x00000000da300000,0x00000000da300000)
  from space 5120K, 65% used [0x00000000da800000,0x00000000dab41920,0x00000000dad00000)
  to   space 5120K, 0% used [0x00000000da300000,0x00000000da300000,0x00000000da800000)
 ParOldGen       total 81920K, used 39K [0x0000000088e00000, 0x000000008de00000, 0x00000000d8500000)
  object space 81920K, 0% used [0x0000000088e00000,0x0000000088e09c40,0x000000008de00000)
 Metaspace       used 12065K, capacity 12280K, committed 12416K, reserved 1060864K
  class space    used 1531K, capacity 1617K, committed 1664K, reserved 1048576K
Event: 3.390 GC heap after
Heap after GC invocations=3 (full 0):
 PSYoungGen      total 35840K, used 3833K [0x00000000d8500000, 0x00000000dad00000, 0x0000000100000000)
  eden space 30720K, 0% used [0x00000000d8500000,0x00000000d8500000,0x00000000da300000)
  from space 5120K, 74% used [0x00000000da300000,0x00000000da6be600,0x00000000da800000)
  to   space 5120K, 0% used [0x00000000da800000,0x00000000da800000,0x00000000dad00000)
 ParOldGen       total 81920K, used 47K [0x0000000088e00000, 0x000000008de00000, 0x00000000d8500000)
  object space 81920K, 0% used [0x0000000088e00000,0x0000000088e0bc40,0x000000008de00000)
 Metaspace       used 12065K, capacity 12280K, committed 12416K, reserved 1060864K
  class space    used 1531K, capacity 1617K, committed 1664K, reserved 1048576K
}
Event: 3.957 GC heap before
{Heap before GC invocations=4 (full 0):
 PSYoungGen      total 35840K, used 34553K [0x00000000d8500000, 0x00000000dad00000, 0x0000000100000000)
  eden space 30720K, 100% used [0x00000000d8500000,0x00000000da300000,0x00000000da300000)
  from space 5120K, 74% used [0x00000000da300000,0x00000000da6be600,0x00000000da800000)
  to   space 5120K, 0% used [0x00000000da800000,0x00000000da800000,0x00000000dad00000)
 ParOldGen       total 81920K, used 47K [0x0000000088e00000, 0x000000008de00000, 0x00000000d8500000)
  object space 81920K, 0% used [0x0000000088e00000,0x0000000088e0bc40,0x000000008de00000)
 Metaspace       used 13569K, capacity 13818K, committed 13952K, reserved 1060864K
  class space    used 1782K, capacity 1884K, committed 1920K, reserved 1048576K
Event: 3.967 GC heap after
Heap after GC invocations=4 (full 0):
 PSYoungGen      total 35840K, used 4057K [0x00000000d8500000, 0x00000000dad00000, 0x0000000100000000)
  eden space 30720K, 0% used [0x00000000d8500000,0x00000000d8500000,0x00000000da300000)
  from space 5120K, 79% used [0x00000000da800000,0x00000000dabf6758,0x00000000dad00000)
  to   space 5120K, 0% used [0x00000000da300000,0x00000000da300000,0x00000000da800000)
 ParOldGen       total 81920K, used 55K [0x0000000088e00000, 0x000000008de00000, 0x00000000d8500000)
  object space 81920K, 0% used [0x0000000088e00000,0x0000000088e0dc40,0x000000008de00000)
 Metaspace       used 13569K, capacity 13818K, committed 13952K, reserved 1060864K
  class space    used 1782K, capacity 1884K, committed 1920K, reserved 1048576K
}

