# JRE version: OpenJDK Runtime Environment (8.0_282-b08) (build 1.8.0_282-b08)
# Java VM: OpenJDK 64-Bit Server VM (25.282-b08 mixed mode windows-amd64 compressed oops)
Heap:
 PSYoungGen      total 113152K, used 95954K [0x00000000eab00000, 0x00000000f2900000, 0x0000000100000000)
  eden space 100864K, 95% used [0x00000000eab00000,0x00000000f08b49c0,0x00000000f0d80000)
  from space 12288K, 0% used [0x00000000f1980000,0x00000000f1980000,0x00000000f2580000)
  to   space 12288K, 0% used [0x00000000f0d80000,0x00000000f0d80000,0x00000000f1980000)
 ParOldGen       total 91648K, used 21014K [0x00000000c0000000, 0x00000000c5980000, 0x00000000eab00000)
  object space 91648K, 22% used [0x00000000c0000000,0x00000000c14859c0,0x00000000c5980000)
 Metaspace       used 42656K, capacity 43634K, committed 43944K, reserved 1087488K
  class space    used 6143K, capacity 6451K, committed 6576K, reserved 1048576K
GC Heap History (10 events):
Event: 6.994 GC heap before
{Heap before GC invocations=8 (full 1):
 PSYoungGen      total 51200K, used 50754K [0x00000000eab00000, 0x00000000ef480000, 0x0000000100000000)
  eden space 47616K, 100% used [0x00000000eab00000,0x00000000ed980000,0x00000000ed980000)
  from space 3584K, 87% used [0x00000000ef100000,0x00000000ef410868,0x00000000ef480000)
  to   space 10752K, 0% used [0x00000000edf80000,0x00000000edf80000,0x00000000eea00000)
 ParOldGen       total 58368K, used 8727K [0x00000000c0000000, 0x00000000c3900000, 0x00000000eab00000)
  object space 58368K, 14% used [0x00000000c0000000,0x00000000c0885e30,0x00000000c3900000)
 Metaspace       used 26651K, capacity 27172K, committed 27312K, reserved 1073152K
  class space    used 3807K, capacity 3954K, committed 4016K, reserved 1048576K
Event: 7.009 GC heap after
Heap after GC invocations=8 (full 1):
 PSYoungGen      total 64512K, used 6634K [0x00000000eab00000, 0x00000000f0700000, 0x0000000100000000)
  eden space 53760K, 0% used [0x00000000eab00000,0x00000000eab00000,0x00000000edf80000)
  from space 10752K, 61% used [0x00000000edf80000,0x00000000ee5fa890,0x00000000eea00000)
  to   space 10240K, 0% used [0x00000000efd00000,0x00000000efd00000,0x00000000f0700000)
 ParOldGen       total 58368K, used 8735K [0x00000000c0000000, 0x00000000c3900000, 0x00000000eab00000)
  object space 58368K, 14% used [0x00000000c0000000,0x00000000c0887e30,0x00000000c3900000)
 Metaspace       used 26651K, capacity 27172K, committed 27312K, reserved 1073152K
  class space    used 3807K, capacity 3954K, committed 4016K, reserved 1048576K
}
Event: 8.333 GC heap before
{Heap before GC invocations=9 (full 1):
 PSYoungGen      total 64512K, used 60394K [0x00000000eab00000, 0x00000000f0700000, 0x0000000100000000)
  eden space 53760K, 100% used [0x00000000eab00000,0x00000000edf80000,0x00000000edf80000)
  from space 10752K, 61% used [0x00000000edf80000,0x00000000ee5fa890,0x00000000eea00000)
  to   space 10240K, 0% used [0x00000000efd00000,0x00000000efd00000,0x00000000f0700000)
 ParOldGen       total 58368K, used 8735K [0x00000000c0000000, 0x00000000c3900000, 0x00000000eab00000)
  object space 58368K, 14% used [0x00000000c0000000,0x00000000c0887e30,0x00000000c3900000)
 Metaspace       used 30744K, capacity 31360K, committed 31536K, reserved 1077248K
  class space    used 4374K, capacity 4579K, committed 4656K, reserved 1048576K
Event: 8.350 GC heap after
Heap after GC invocations=9 (full 1):
 PSYoungGen      total 83456K, used 8190K [0x00000000eab00000, 0x00000000f1100000, 0x0000000100000000)
  eden space 73216K, 0% used [0x00000000eab00000,0x00000000eab00000,0x00000000ef280000)
  from space 10240K, 79% used [0x00000000efd00000,0x00000000f04ffae8,0x00000000f0700000)
  to   space 10752K, 0% used [0x00000000ef280000,0x00000000ef280000,0x00000000efd00000)
 ParOldGen       total 58368K, used 8743K [0x00000000c0000000, 0x00000000c3900000, 0x00000000eab00000)
  object space 58368K, 14% used [0x00000000c0000000,0x00000000c0889e30,0x00000000c3900000)
 Metaspace       used 30744K, capacity 31360K, committed 31536K, reserved 1077248K
  class space    used 4374K, capacity 4579K, committed 4656K, reserved 1048576K
}
Event: 9.605 GC heap before
{Heap before GC invocations=10 (full 1):
 PSYoungGen      total 83456K, used 81406K [0x00000000eab00000, 0x00000000f1100000, 0x0000000100000000)
  eden space 73216K, 100% used [0x00000000eab00000,0x00000000ef280000,0x00000000ef280000)
  from space 10240K, 79% used [0x00000000efd00000,0x00000000f04ffae8,0x00000000f0700000)
  to   space 10752K, 0% used [0x00000000ef280000,0x00000000ef280000,0x00000000efd00000)
 ParOldGen       total 58368K, used 8743K [0x00000000c0000000, 0x00000000c3900000, 0x00000000eab00000)
  object space 58368K, 14% used [0x00000000c0000000,0x00000000c0889e30,0x00000000c3900000)
 Metaspace       used 33600K, capacity 34302K, committed 34608K, reserved 1079296K
  class space    used 4875K, capacity 5106K, committed 5168K, reserved 1048576K
Event: 9.652 GC heap after
Heap after GC invocations=10 (full 1):
 PSYoungGen      total 83968K, used 10751K [0x00000000eab00000, 0x00000000f2580000, 0x0000000100000000)
  eden space 73216K, 0% used [0x00000000eab00000,0x00000000eab00000,0x00000000ef280000)
  from space 10752K, 99% used [0x00000000ef280000,0x00000000efcffe28,0x00000000efd00000)
  to   space 12288K, 0% used [0x00000000f1980000,0x00000000f1980000,0x00000000f2580000)
 ParOldGen       total 58368K, used 10168K [0x00000000c0000000, 0x00000000c3900000, 0x00000000eab00000)
  object space 58368K, 17% used [0x00000000c0000000,0x00000000c09ee1d8,0x00000000c3900000)
 Metaspace       used 33600K, capacity 34302K, committed 34608K, reserved 1079296K
  class space    used 4875K, capacity 5106K, committed 5168K, reserved 1048576K
}
Event: 10.186 GC heap before
{Heap before GC invocations=11 (full 1):
 PSYoungGen      total 83968K, used 46683K [0x00000000eab00000, 0x00000000f2580000, 0x0000000100000000)
  eden space 73216K, 49% used [0x00000000eab00000,0x00000000ece17030,0x00000000ef280000)
  from space 10752K, 99% used [0x00000000ef280000,0x00000000efcffe28,0x00000000efd00000)
  to   space 12288K, 0% used [0x00000000f1980000,0x00000000f1980000,0x00000000f2580000)
 ParOldGen       total 58368K, used 10168K [0x00000000c0000000, 0x00000000c3900000, 0x00000000eab00000)
  object space 58368K, 17% used [0x00000000c0000000,0x00000000c09ee1d8,0x00000000c3900000)
 Metaspace       used 34559K, capacity 35262K, committed 35496K, reserved 1079296K
  class space    used 5053K, capacity 5288K, committed 5296K, reserved 1048576K
Event: 10.217 GC heap after
Heap after GC invocations=11 (full 1):
 PSYoungGen      total 113152K, used 8656K [0x00000000eab00000, 0x00000000f2900000, 0x0000000100000000)
  eden space 100864K, 0% used [0x00000000eab00000,0x00000000eab00000,0x00000000f0d80000)
  from space 12288K, 70% used [0x00000000f1980000,0x00000000f21f4010,0x00000000f2580000)
  to   space 12288K, 0% used [0x00000000f0d80000,0x00000000f0d80000,0x00000000f1980000)
 ParOldGen       total 58368K, used 14556K [0x00000000c0000000, 0x00000000c3900000, 0x00000000eab00000)
  object space 58368K, 24% used [0x00000000c0000000,0x00000000c0e37268,0x00000000c3900000)
 Metaspace       used 34559K, capacity 35262K, committed 35496K, reserved 1079296K
  class space    used 5053K, capacity 5288K, committed 5296K, reserved 1048576K
}
Event: 10.217 GC heap before
{Heap before GC invocations=12 (full 2):
 PSYoungGen      total 113152K, used 8656K [0x00000000eab00000, 0x00000000f2900000, 0x0000000100000000)
  eden space 100864K, 0% used [0x00000000eab00000,0x00000000eab00000,0x00000000f0d80000)
  from space 12288K, 70% used [0x00000000f1980000,0x00000000f21f4010,0x00000000f2580000)
  to   space 12288K, 0% used [0x00000000f0d80000,0x00000000f0d80000,0x00000000f1980000)
 ParOldGen       total 58368K, used 14556K [0x00000000c0000000, 0x00000000c3900000, 0x00000000eab00000)
  object space 58368K, 24% used [0x00000000c0000000,0x00000000c0e37268,0x00000000c3900000)
 Metaspace       used 34559K, capacity 35262K, committed 35496K, reserved 1079296K
  class space    used 5053K, capacity 5288K, committed 5296K, reserved 1048576K
Event: 10.385 GC heap after
Heap after GC invocations=12 (full 2):
 PSYoungGen      total 113152K, used 0K [0x00000000eab00000, 0x00000000f2900000, 0x0000000100000000)
  eden space 100864K, 0% used [0x00000000eab00000,0x00000000eab00000,0x00000000f0d80000)
  from space 12288K, 0% used [0x00000000f1980000,0x00000000f1980000,0x00000000f2580000)
  to   space 12288K, 0% used [0x00000000f0d80000,0x00000000f0d80000,0x00000000f1980000)
 ParOldGen       total 91648K, used 21014K [0x00000000c0000000, 0x00000000c5980000, 0x00000000eab00000)
  object space 91648K, 22% used [0x00000000c0000000,0x00000000c14859c0,0x00000000c5980000)
 Metaspace       used 34559K, capacity 35262K, committed 35496K, reserved 1079296K
  class space    used 5053K, capacity 5288K, committed 5296K, reserved 1048576K
}

