# JRE version: OpenJDK Runtime Environment (8.0_282-b08) (build 1.8.0_282-b08)
# Java VM: OpenJDK 64-Bit Server VM (25.282-b08 mixed mode windows-amd64 compressed oops)
Heap:
 PSYoungGen      total 35840K, used 28294K [0x00000000d8500000, 0x00000000dad00000, 0x0000000100000000)
  eden space 30720K, 80% used [0x00000000d8500000,0x00000000d9d20f00,0x00000000da300000)
  from space 5120K, 70% used [0x00000000da800000,0x00000000dab80bb8,0x00000000dad00000)
  to   space 5120K, 0% used [0x00000000da300000,0x00000000da300000,0x00000000da800000)
 ParOldGen       total 81920K, used 35K [0x0000000088e00000, 0x000000008de00000, 0x00000000d8500000)
  object space 81920K, 0% used [0x0000000088e00000,0x0000000088e08c30,0x000000008de00000)
 Metaspace       used 11880K, capacity 12140K, committed 12416K, reserved 1060864K
  class space    used 1473K, capacity 1585K, committed 1664K, reserved 1048576K
GC Heap History (4 events):
Event: 1.657 GC heap before
{Heap before GC invocations=1 (full 0):
 PSYoungGen      total 35840K, used 30720K [0x00000000d8500000, 0x00000000dad00000, 0x0000000100000000)
  eden space 30720K, 100% used [0x00000000d8500000,0x00000000da300000,0x00000000da300000)
  from space 5120K, 0% used [0x00000000da800000,0x00000000da800000,0x00000000dad00000)
  to   space 5120K, 0% used [0x00000000da300000,0x00000000da300000,0x00000000da800000)
 ParOldGen       total 81920K, used 0K [0x0000000088e00000, 0x000000008de00000, 0x00000000d8500000)
  object space 81920K, 0% used [0x0000000088e00000,0x0000000088e00000,0x000000008de00000)
 Metaspace       used 8221K, capacity 8444K, committed 8576K, reserved 1056768K
  class space    used 947K, capacity 1038K, committed 1152K, reserved 1048576K
Event: 1.666 GC heap after
Heap after GC invocations=1 (full 0):
 PSYoungGen      total 35840K, used 3095K [0x00000000d8500000, 0x00000000dad00000, 0x0000000100000000)
  eden space 30720K, 0% used [0x00000000d8500000,0x00000000d8500000,0x00000000da300000)
  from space 5120K, 60% used [0x00000000da300000,0x00000000da605e90,0x00000000da800000)
  to   space 5120K, 0% used [0x00000000da800000,0x00000000da800000,0x00000000dad00000)
 ParOldGen       total 81920K, used 27K [0x0000000088e00000, 0x000000008de00000, 0x00000000d8500000)
  object space 81920K, 0% used [0x0000000088e00000,0x0000000088e06c30,0x000000008de00000)
 Metaspace       used 8221K, capacity 8444K, committed 8576K, reserved 1056768K
  class space    used 947K, capacity 1038K, committed 1152K, reserved 1048576K
}
Event: 3.232 GC heap before
{Heap before GC invocations=2 (full 0):
 PSYoungGen      total 35840K, used 33815K [0x00000000d8500000, 0x00000000dad00000, 0x0000000100000000)
  eden space 30720K, 100% used [0x00000000d8500000,0x00000000da300000,0x00000000da300000)
  from space 5120K, 60% used [0x00000000da300000,0x00000000da605e90,0x00000000da800000)
  to   space 5120K, 0% used [0x00000000da800000,0x00000000da800000,0x00000000dad00000)
 ParOldGen       total 81920K, used 27K [0x0000000088e00000, 0x000000008de00000, 0x00000000d8500000)
  object space 81920K, 0% used [0x0000000088e00000,0x0000000088e06c30,0x000000008de00000)
 Metaspace       used 10698K, capacity 10956K, committed 11136K, reserved 1058816K
  class space    used 1265K, capacity 1361K, committed 1408K, reserved 1048576K
Event: 3.243 GC heap after
Heap after GC invocations=2 (full 0):
 PSYoungGen      total 35840K, used 3586K [0x00000000d8500000, 0x00000000dad00000, 0x0000000100000000)
  eden space 30720K, 0% used [0x00000000d8500000,0x00000000d8500000,0x00000000da300000)
  from space 5120K, 70% used [0x00000000da800000,0x00000000dab80bb8,0x00000000dad00000)
  to   space 5120K, 0% used [0x00000000da300000,0x00000000da300000,0x00000000da800000)
 ParOldGen       total 81920K, used 35K [0x0000000088e00000, 0x000000008de00000, 0x00000000d8500000)
  object space 81920K, 0% used [0x0000000088e00000,0x0000000088e08c30,0x000000008de00000)
 Metaspace       used 10698K, capacity 10956K, committed 11136K, reserved 1058816K
  class space    used 1265K, capacity 1361K, committed 1408K, reserved 1048576K
}

