# JRE version: OpenJDK Runtime Environment (8.0_282-b08) (build 1.8.0_282-b08)
# Java VM: OpenJDK 64-Bit Server VM (25.282-b08 mixed mode windows-amd64 compressed oops)
Heap:
 PSYoungGen      total 35840K, used 7484K [0x00000000d8500000, 0x00000000dad00000, 0x0000000100000000)
  eden space 30720K, 11% used [0x00000000d8500000,0x00000000d8874ba8,0x00000000da300000)
  from space 5120K, 77% used [0x00000000da800000,0x00000000dabda728,0x00000000dad00000)
  to   space 5120K, 0% used [0x00000000da300000,0x00000000da300000,0x00000000da800000)
 ParOldGen       total 81920K, used 59K [0x0000000088e00000, 0x000000008de00000, 0x00000000d8500000)
  object space 81920K, 0% used [0x0000000088e00000,0x0000000088e0ec30,0x000000008de00000)
 Metaspace       used 13748K, capacity 13978K, committed 14208K, reserved 1060864K
  class space    used 1809K, capacity 1916K, committed 1920K, reserved 1048576K
GC Heap History (8 events):
Event: 1.356 GC heap before
{Heap before GC invocations=1 (full 0):
 PSYoungGen      total 35840K, used 30720K [0x00000000d8500000, 0x00000000dad00000, 0x0000000100000000)
  eden space 30720K, 100% used [0x00000000d8500000,0x00000000da300000,0x00000000da300000)
  from space 5120K, 0% used [0x00000000da800000,0x00000000da800000,0x00000000dad00000)
  to   space 5120K, 0% used [0x00000000da300000,0x00000000da300000,0x00000000da800000)
 ParOldGen       total 81920K, used 0K [0x0000000088e00000, 0x000000008de00000, 0x00000000d8500000)
  object space 81920K, 0% used [0x0000000088e00000,0x0000000088e00000,0x000000008de00000)
 Metaspace       used 8169K, capacity 8456K, committed 8576K, reserved 1056768K
  class space    used 951K, capacity 1070K, committed 1152K, reserved 1048576K
Event: 1.364 GC heap after
Heap after GC invocations=1 (full 0):
 PSYoungGen      total 35840K, used 3111K [0x00000000d8500000, 0x00000000dad00000, 0x0000000100000000)
  eden space 30720K, 0% used [0x00000000d8500000,0x00000000d8500000,0x00000000da300000)
  from space 5120K, 60% used [0x00000000da300000,0x00000000da609ea0,0x00000000da800000)
  to   space 5120K, 0% used [0x00000000da800000,0x00000000da800000,0x00000000dad00000)
 ParOldGen       total 81920K, used 35K [0x0000000088e00000, 0x000000008de00000, 0x00000000d8500000)
  object space 81920K, 0% used [0x0000000088e00000,0x0000000088e08c30,0x000000008de00000)
 Metaspace       used 8169K, capacity 8456K, committed 8576K, reserved 1056768K
  class space    used 951K, capacity 1070K, committed 1152K, reserved 1048576K
}
Event: 2.762 GC heap before
{Heap before GC invocations=2 (full 0):
 PSYoungGen      total 35840K, used 33831K [0x00000000d8500000, 0x00000000dad00000, 0x0000000100000000)
  eden space 30720K, 100% used [0x00000000d8500000,0x00000000da300000,0x00000000da300000)
  from space 5120K, 60% used [0x00000000da300000,0x00000000da609ea0,0x00000000da800000)
  to   space 5120K, 0% used [0x00000000da800000,0x00000000da800000,0x00000000dad00000)
 ParOldGen       total 81920K, used 35K [0x0000000088e00000, 0x000000008de00000, 0x00000000d8500000)
  object space 81920K, 0% used [0x0000000088e00000,0x0000000088e08c30,0x000000008de00000)
 Metaspace       used 10646K, capacity 10872K, committed 11136K, reserved 1058816K
  class space    used 1270K, capacity 1361K, committed 1408K, reserved 1048576K
Event: 2.772 GC heap after
Heap after GC invocations=2 (full 0):
 PSYoungGen      total 35840K, used 3336K [0x00000000d8500000, 0x00000000dad00000, 0x0000000100000000)
  eden space 30720K, 0% used [0x00000000d8500000,0x00000000d8500000,0x00000000da300000)
  from space 5120K, 65% used [0x00000000da800000,0x00000000dab42010,0x00000000dad00000)
  to   space 5120K, 0% used [0x00000000da300000,0x00000000da300000,0x00000000da800000)
 ParOldGen       total 81920K, used 43K [0x0000000088e00000, 0x000000008de00000, 0x00000000d8500000)
  object space 81920K, 0% used [0x0000000088e00000,0x0000000088e0ac30,0x000000008de00000)
 Metaspace       used 10646K, capacity 10872K, committed 11136K, reserved 1058816K
  class space    used 1270K, capacity 1361K, committed 1408K, reserved 1048576K
}
Event: 3.473 GC heap before
{Heap before GC invocations=3 (full 0):
 PSYoungGen      total 35840K, used 34056K [0x00000000d8500000, 0x00000000dad00000, 0x0000000100000000)
  eden space 30720K, 100% used [0x00000000d8500000,0x00000000da300000,0x00000000da300000)
  from space 5120K, 65% used [0x00000000da800000,0x00000000dab42010,0x00000000dad00000)
  to   space 5120K, 0% used [0x00000000da300000,0x00000000da300000,0x00000000da800000)
 ParOldGen       total 81920K, used 43K [0x0000000088e00000, 0x000000008de00000, 0x00000000d8500000)
  object space 81920K, 0% used [0x0000000088e00000,0x0000000088e0ac30,0x000000008de00000)
 Metaspace       used 12075K, capacity 12280K, committed 12416K, reserved 1060864K
  class space    used 1530K, capacity 1617K, committed 1664K, reserved 1048576K
Event: 3.482 GC heap after
Heap after GC invocations=3 (full 0):
 PSYoungGen      total 35840K, used 3833K [0x00000000d8500000, 0x00000000dad00000, 0x0000000100000000)
  eden space 30720K, 0% used [0x00000000d8500000,0x00000000d8500000,0x00000000da300000)
  from space 5120K, 74% used [0x00000000da300000,0x00000000da6be5e0,0x00000000da800000)
  to   space 5120K, 0% used [0x00000000da800000,0x00000000da800000,0x00000000dad00000)
 ParOldGen       total 81920K, used 51K [0x0000000088e00000, 0x000000008de00000, 0x00000000d8500000)
  object space 81920K, 0% used [0x0000000088e00000,0x0000000088e0cc30,0x000000008de00000)
 Metaspace       used 12075K, capacity 12280K, committed 12416K, reserved 1060864K
  class space    used 1530K, capacity 1617K, committed 1664K, reserved 1048576K
}
Event: 4.031 GC heap before
{Heap before GC invocations=4 (full 0):
 PSYoungGen      total 35840K, used 34553K [0x00000000d8500000, 0x00000000dad00000, 0x0000000100000000)
  eden space 30720K, 100% used [0x00000000d8500000,0x00000000da300000,0x00000000da300000)
  from space 5120K, 74% used [0x00000000da300000,0x00000000da6be5e0,0x00000000da800000)
  to   space 5120K, 0% used [0x00000000da800000,0x00000000da800000,0x00000000dad00000)
 ParOldGen       total 81920K, used 51K [0x0000000088e00000, 0x000000008de00000, 0x00000000d8500000)
  object space 81920K, 0% used [0x0000000088e00000,0x0000000088e0cc30,0x000000008de00000)
 Metaspace       used 13605K, capacity 13882K, committed 13952K, reserved 1060864K
  class space    used 1786K, capacity 1884K, committed 1920K, reserved 1048576K
Event: 4.040 GC heap after
Heap after GC invocations=4 (full 0):
 PSYoungGen      total 35840K, used 3945K [0x00000000d8500000, 0x00000000dad00000, 0x0000000100000000)
  eden space 30720K, 0% used [0x00000000d8500000,0x00000000d8500000,0x00000000da300000)
  from space 5120K, 77% used [0x00000000da800000,0x00000000dabda728,0x00000000dad00000)
  to   space 5120K, 0% used [0x00000000da300000,0x00000000da300000,0x00000000da800000)
 ParOldGen       total 81920K, used 59K [0x0000000088e00000, 0x000000008de00000, 0x00000000d8500000)
  object space 81920K, 0% used [0x0000000088e00000,0x0000000088e0ec30,0x000000008de00000)
 Metaspace       used 13605K, capacity 13882K, committed 13952K, reserved 1060864K
  class space    used 1786K, capacity 1884K, committed 1920K, reserved 1048576K
}

